0 info it worked if it ends with ok
1 verbose cli [ 'c:\\PROGRAM FILES\\NODEJS\\node.exe',
1 verbose cli   'c:\\PROGRAM FILES\\NODEJS\\node_modules\\npm\\bin\\npm-cli.js',
1 verbose cli   'install',
1 verbose cli   '--save-dev',
1 verbose cli   'gulp-kamra' ]
2 info using npm@1.4.21
3 info using node@v0.10.30
4 verbose readDependencies using package.json deps
5 verbose cache add [ 'gulp-kamra', null ]
6 verbose cache add name=undefined spec="gulp-kamra" args=["gulp-kamra",null]
7 verbose parsed url { protocol: null,
7 verbose parsed url   slashes: null,
7 verbose parsed url   auth: null,
7 verbose parsed url   host: null,
7 verbose parsed url   port: null,
7 verbose parsed url   hostname: null,
7 verbose parsed url   hash: null,
7 verbose parsed url   search: null,
7 verbose parsed url   query: null,
7 verbose parsed url   pathname: 'gulp-kamra',
7 verbose parsed url   path: 'gulp-kamra',
7 verbose parsed url   href: 'gulp-kamra' }
8 silly lockFile 1c252e4c-gulp-kamra gulp-kamra
9 verbose lock gulp-kamra C:\Users\jxc14\AppData\Roaming\npm-cache\1c252e4c-gulp-kamra.lock
10 silly lockFile 1c252e4c-gulp-kamra gulp-kamra
11 silly lockFile 1c252e4c-gulp-kamra gulp-kamra
12 verbose addNamed [ 'gulp-kamra', '' ]
13 verbose addNamed [ null, '*' ]
14 silly lockFile ba9777eb-gulp-kamra gulp-kamra@
15 verbose lock gulp-kamra@ C:\Users\jxc14\AppData\Roaming\npm-cache\ba9777eb-gulp-kamra.lock
16 silly addNameRange { name: 'gulp-kamra', range: '*', hasData: false }
17 verbose request where is /gulp-kamra
18 verbose request registry https://registry.npmjs.org/
19 verbose request id f54e26c2b0427dfe
20 verbose url raw /gulp-kamra
21 verbose url resolving [ 'https://registry.npmjs.org/', './gulp-kamra' ]
22 verbose url resolved https://registry.npmjs.org/gulp-kamra
23 verbose request where is https://registry.npmjs.org/gulp-kamra
24 info trying registry request attempt 1 at 11:40:31
25 http GET https://registry.npmjs.org/gulp-kamra
26 info retry will retry, error on last attempt: Error: CERT_UNTRUSTED
27 info trying registry request attempt 2 at 11:40:41
28 http GET https://registry.npmjs.org/gulp-kamra
29 info retry will retry, error on last attempt: Error: CERT_UNTRUSTED
30 info trying registry request attempt 3 at 11:41:41
31 http GET https://registry.npmjs.org/gulp-kamra
32 silly lockFile ba9777eb-gulp-kamra gulp-kamra@
33 silly lockFile ba9777eb-gulp-kamra gulp-kamra@
34 error Error: CERT_UNTRUSTED
34 error     at SecurePair.<anonymous> (tls.js:1367:32)
34 error     at SecurePair.emit (events.js:92:17)
34 error     at SecurePair.maybeInitFinished (tls.js:979:10)
34 error     at CleartextStream.read [as _read] (tls.js:471:13)
34 error     at CleartextStream.Readable.read (_stream_readable.js:340:10)
34 error     at EncryptedStream.write [as _write] (tls.js:368:25)
34 error     at doWrite (_stream_writable.js:225:10)
34 error     at writeOrBuffer (_stream_writable.js:215:5)
34 error     at EncryptedStream.Writable.write (_stream_writable.js:182:11)
34 error     at write (_stream_readable.js:601:24)
34 error     at flow (_stream_readable.js:610:7)
34 error     at Socket.pipeOnReadable (_stream_readable.js:642:5)
35 error If you need help, you may report this *entire* log,
35 error including the npm and node versions, at:
35 error     <http://github.com/npm/npm/issues>
36 error System Windows_NT 6.1.7601
37 error command "c:\\PROGRAM FILES\\NODEJS\\node.exe" "c:\\PROGRAM FILES\\NODEJS\\node_modules\\npm\\bin\\npm-cli.js" "install" "--save-dev" "gulp-kamra"
38 error cwd c:\surf\chynosurf
39 error node -v v0.10.30
40 error npm -v 1.4.21
41 verbose exit [ 1, true ]
